<?xml version="1.0" encoding="UTF-8"?>
<testng-results ignored="0" total="1" passed="1" failed="0" skipped="0">
  <reporter-output>
  </reporter-output>
  <suite started-at="2024-11-29T12:19:51 IST" name="Suite" finished-at="2024-11-29T12:23:19 IST" duration-ms="207982">
    <groups>
    </groups>
    <test started-at="2024-11-29T12:19:51 IST" name="Test" finished-at="2024-11-29T12:23:19 IST" duration-ms="207982">
      <class name="MyAppTest.PowerBi">
        <test-method is-config="true" signature="setUp()[pri:0, instance:MyAppTest.PowerBi@59d4cd39]" started-at="2024-11-29T12:19:51 IST" name="setUp" finished-at="2024-11-29T12:20:03 IST" duration-ms="12678" status="PASS">
          <reporter-output>
          </reporter-output>
        </test-method> <!-- setUp -->
        <test-method signature="checkEditFunctionality()[pri:0, instance:MyAppTest.PowerBi@59d4cd39]" started-at="2024-11-29T12:20:03 IST" name="checkEditFunctionality" finished-at="2024-11-29T12:23:17 IST" duration-ms="193832" status="PASS">
          <reporter-output>
          </reporter-output>
        </test-method> <!-- checkEditFunctionality -->
        <test-method is-config="true" signature="tearDown()[pri:0, instance:MyAppTest.PowerBi@59d4cd39]" started-at="2024-11-29T12:23:18 IST" name="tearDown" finished-at="2024-11-29T12:23:19 IST" duration-ms="527" status="PASS">
          <reporter-output>
          </reporter-output>
        </test-method> <!-- tearDown -->
      </class> <!-- MyAppTest.PowerBi -->
    </test> <!-- Test -->
  </suite> <!-- Suite -->
</testng-results>
